c:\users\administrator\onedrive - swinburne university\cos30008\ass1\project1\project1\x64\debug\vc143.pdb
c:\users\administrator\onedrive - swinburne university\cos30008\ass1\project1\project1\x64\debug\vc143.idb
c:\users\administrator\onedrive - swinburne university\cos30008\ass1\project1\project1\x64\debug\vector2d.obj
c:\users\administrator\onedrive - swinburne university\cos30008\ass1\project1\project1\x64\debug\polynomial.obj
c:\users\administrator\onedrive - swinburne university\cos30008\ass1\project1\project1\x64\debug\polygonps1.obj
c:\users\administrator\onedrive - swinburne university\cos30008\ass1\project1\project1\x64\debug\polygon.obj
c:\users\administrator\onedrive - swinburne university\cos30008\ass1\project1\project1\x64\debug\main.obj
c:\users\administrator\onedrive - swinburne university\cos30008\ass1\project1\project1\x64\debug\combination.obj
c:\users\administrator\onedrive - swinburne university\cos30008\ass1\project1\project1\x64\debug\bernsteinbasispolynomial.obj
c:\users\administrator\onedrive - swinburne university\cos30008\ass1\project1\project1\x64\debug\polynomialps1.obj
c:\users\administrator\onedrive - swinburne university\cos30008\ass1\project1\x64\debug\project1.exe
c:\users\administrator\onedrive - swinburne university\cos30008\ass1\project1\project1\x64\debug\project1.ilk
c:\users\administrator\onedrive - swinburne university\cos30008\ass1\project1\x64\debug\project1.pdb
c:\users\103173400\onedrive - swinburne university\cos30008\ass1\project1\project1\x64\debug\bernsteinbasispolynomial.obj
c:\users\103173400\onedrive - swinburne university\cos30008\ass1\project1\project1\x64\debug\combination.obj
c:\users\103173400\onedrive - swinburne university\cos30008\ass1\project1\project1\x64\debug\main.obj
c:\users\103173400\onedrive - swinburne university\cos30008\ass1\project1\project1\x64\debug\polygon.obj
c:\users\103173400\onedrive - swinburne university\cos30008\ass1\project1\project1\x64\debug\polygonps1.obj
c:\users\103173400\onedrive - swinburne university\cos30008\ass1\project1\project1\x64\debug\polynomial.obj
c:\users\103173400\onedrive - swinburne university\cos30008\ass1\project1\project1\x64\debug\polynomialps1.obj
c:\users\103173400\onedrive - swinburne university\cos30008\ass1\project1\project1\x64\debug\vector2d.obj
c:\users\103173400\onedrive - swinburne university\cos30008\ass1\project1\project1\x64\debug\project1.ilk
c:\users\103173400\onedrive - swinburne university\cos30008\ass1\project1\project1\x64\debug\vc143.idb
c:\users\103173400\onedrive - swinburne university\cos30008\ass1\project1\project1\x64\debug\vc143.pdb
c:\users\103173400\onedrive - swinburne university\cos30008\ass1\project1\x64\debug\project1.pdb
c:\users\103173400\onedrive - swinburne university\cos30008\ass1\project1\x64\debug\project1.exe
c:\users\103173400\onedrive - swinburne university\cos30008\ass1\project1\project1\x64\debug\project1.tlog\cl.command.1.tlog
c:\users\103173400\onedrive - swinburne university\cos30008\ass1\project1\project1\x64\debug\project1.tlog\cl.read.1.tlog
c:\users\103173400\onedrive - swinburne university\cos30008\ass1\project1\project1\x64\debug\project1.tlog\cl.write.1.tlog
c:\users\103173400\onedrive - swinburne university\cos30008\ass1\project1\project1\x64\debug\project1.tlog\link.command.1.tlog
c:\users\103173400\onedrive - swinburne university\cos30008\ass1\project1\project1\x64\debug\project1.tlog\link.read.1.tlog
c:\users\103173400\onedrive - swinburne university\cos30008\ass1\project1\project1\x64\debug\project1.tlog\link.write.1.tlog
